loading config
init logging
init model
init dataset (the first time this will take a while)
init trainer
starting training

 Epoch 0:
training:
saving checkpoint
train loss:  0.14813313
testing:
saving scores
test loss: 0.1055, ndcg@5: 0.3477, mrr: 0.3633, ctr@1: 0.1885, auc: 0.6631, acc: 0.8935, rec: 0.0439, prec: 0.0329

 Epoch 1:
training:
saving checkpoint
train loss:  0.14290142
testing:
saving scores
test loss: 0.0998, ndcg@5: 0.3514, mrr: 0.3695, ctr@1: 0.1994, auc: 0.6663, acc: 0.8971, rec: 0.0265, prec: 0.0277

 Epoch 2:
training:
saving checkpoint
train loss:  0.14130153
testing:
saving scores
test loss: 0.1040, ndcg@5: 0.3548, mrr: 0.3705, ctr@1: 0.1960, auc: 0.6675, acc: 0.8922, rec: 0.0555, prec: 0.0551

 Epoch 3:
training:
saving checkpoint
train loss:  0.14048515
testing:
saving scores
test loss: 0.1004, ndcg@5: 0.3574, mrr: 0.3735, ctr@1: 0.2015, auc: 0.6740, acc: 0.8952, rec: 0.0385, prec: 0.0406

 Epoch 4:
training:
saving checkpoint
train loss:  0.13964
testing:
saving scores
test loss: 0.1012, ndcg@5: 0.3606, mrr: 0.3752, ctr@1: 0.2019, auc: 0.6761, acc: 0.8918, rec: 0.0555, prec: 0.0570
